c:\users\smith\projects\callcenter\debug\callcenter.pch
c:\users\smith\projects\callcenter\debug\vc141.pdb
c:\users\smith\projects\callcenter\debug\vc141.idb
c:\users\smith\projects\callcenter\debug\stdafx.sbr
c:\users\smith\projects\callcenter\debug\stdafx.obj
c:\users\smith\projects\callcenter\debug\stdafx.asm
c:\users\smith\projects\callcenter\debug\tzssstring.sbr
c:\users\smith\projects\callcenter\debug\tuilist.sbr
c:\users\smith\projects\callcenter\debug\thread.sbr
c:\users\smith\projects\callcenter\debug\tbinarydata.sbr
c:\users\smith\projects\callcenter\debug\systemobject.sbr
c:\users\smith\projects\callcenter\debug\systemmessagequeuewithtimer.sbr
c:\users\smith\projects\callcenter\debug\systemkernel.sbr
c:\users\smith\projects\callcenter\debug\sysout.sbr
c:\users\smith\projects\callcenter\debug\slworkset.sbr
c:\users\smith\projects\callcenter\debug\servicegroup.sbr
c:\users\smith\projects\callcenter\debug\rmoworkset.sbr
c:\users\smith\projects\callcenter\debug\rmosession.sbr
c:\users\smith\projects\callcenter\debug\connectionserver.sbr
c:\users\smith\projects\callcenter\debug\callcenter.sbr
c:\users\smith\projects\callcenter\debug\callcenter.obj
c:\users\smith\projects\callcenter\debug\callcenter.asm
c:\users\smith\projects\callcenter\debug\connectionserver.obj
c:\users\smith\projects\callcenter\debug\connectionserver.asm
c:\users\smith\projects\callcenter\debug\rmosession.obj
c:\users\smith\projects\callcenter\debug\rmosession.asm
c:\users\smith\projects\callcenter\debug\rmoworkset.obj
c:\users\smith\projects\callcenter\debug\rmoworkset.asm
c:\users\smith\projects\callcenter\debug\servicegroup.obj
c:\users\smith\projects\callcenter\debug\servicegroup.asm
c:\users\smith\projects\callcenter\debug\slworkset.obj
c:\users\smith\projects\callcenter\debug\slworkset.asm
c:\users\smith\projects\callcenter\debug\sysout.obj
c:\users\smith\projects\callcenter\debug\sysout.asm
c:\users\smith\projects\callcenter\debug\systemmessagequeuewithtimer.obj
c:\users\smith\projects\callcenter\debug\systemmessagequeuewithtimer.asm
c:\users\smith\projects\callcenter\debug\systemobject.obj
c:\users\smith\projects\callcenter\debug\systemobject.asm
c:\users\smith\projects\callcenter\debug\tbinarydata.obj
c:\users\smith\projects\callcenter\debug\tbinarydata.asm
c:\users\smith\projects\callcenter\debug\thread.obj
c:\users\smith\projects\callcenter\debug\thread.asm
c:\users\smith\projects\callcenter\debug\tuilist.obj
c:\users\smith\projects\callcenter\debug\tuilist.asm
c:\users\smith\projects\callcenter\debug\tzssstring.obj
c:\users\smith\projects\callcenter\debug\tzssstring.asm
c:\users\smith\projects\callcenter\debug\callcenter.tlog\cl.command.1.tlog
c:\users\smith\projects\callcenter\debug\callcenter.tlog\cl.read.1.tlog
c:\users\smith\projects\callcenter\debug\callcenter.tlog\cl.write.1.tlog
