26/04/2018.23:11:03 [**] START service
26/04/2018.23:11:04 Start CSLWorkSet
26/04/2018.23:11:11 Connection request from SMTHSB
26/04/2018.23:11:11 Error on pipe 0 1 0
26/04/2018.23:11:11 Connection request from SMTHSB
26/04/2018.23:11:11 Error on pipe 1 1 0
26/04/2018.23:11:12 Connection request from SMTHSB
26/04/2018.23:11:12 Error on pipe 2 1 0
26/04/2018.23:11:13 Connection request from SMTHSB
26/04/2018.23:11:13 Error on pipe 3 1 0
26/04/2018.23:11:14 Connection request from SMTHSB
26/04/2018.23:11:14 Error on pipe 4 1 0
26/04/2018.23:11:14 USER SET SERGRP PROFILE 
26/04/2018.23:11:14 Connection request from SMTHSB
26/04/2018.23:11:14 USER GET SG LIST 
26/04/2018.23:11:14 Error on pipe 5 1 0
26/04/2018.23:11:15 Connection request from SMTHSB
26/04/2018.23:11:15 Error on pipe 6 1 0
26/04/2018.23:11:16 Connection request from SMTHSB
26/04/2018.23:11:16 Error on pipe 7 1 0
26/04/2018.23:11:17 Connection request from SMTHSB
26/04/2018.23:11:17 Error on pipe 8 1 0
26/04/2018.23:11:18 Connection request from SMTHSB
26/04/2018.23:11:18 Error on pipe 9 1 0
26/04/2018.23:11:19 Connection request from SMTHSB
26/04/2018.23:11:19 Error on pipe 10 1 0
26/04/2018.23:11:19 Connection request from SMTHSB
26/04/2018.23:11:19 Error on pipe 11 1 0
26/04/2018.23:11:20 Connection request from SMTHSB
26/04/2018.23:11:20 Error on pipe 12 1 0
26/04/2018.23:11:21 Connection request from SMTHSB
26/04/2018.23:11:21 Error on pipe 13 1 0
26/04/2018.23:11:22 Connection request from SMTHSB
26/04/2018.23:11:22 Error on pipe 14 1 0
26/04/2018.23:11:22 Connection request from SMTHSB
26/04/2018.23:11:22 Error on pipe 15 1 0
26/04/2018.23:11:23 Connection request from SMTHSB
26/04/2018.23:11:23 Error on pipe 0 1 0
26/04/2018.23:11:24 Connection request from SMTHSB
26/04/2018.23:11:24 Error on pipe 1 1 0
26/04/2018.23:11:25 Connection request from SMTHSB
26/04/2018.23:11:25 Error on pipe 2 1 0
26/04/2018.23:11:26 Connection request from SMTHSB
26/04/2018.23:11:26 Error on pipe 3 1 0
26/04/2018.23:11:26 Connection request from SMTHSB
26/04/2018.23:11:26 Error on pipe 4 1 0
26/04/2018.23:11:27 Connection request from SMTHSB
26/04/2018.23:11:27 Error on pipe 5 1 0
26/04/2018.23:11:28 Connection request from SMTHSB
26/04/2018.23:11:28 Error on pipe 6 1 0
26/04/2018.23:11:29 Connection request from SMTHSB
26/04/2018.23:11:29 Error on pipe 7 1 0
26/04/2018.23:11:29 Connection request from SMTHSB
26/04/2018.23:11:29 Error on pipe 8 1 0
26/04/2018.23:11:30 Connection request from SMTHSB
26/04/2018.23:11:30 Error on pipe 9 1 0
26/04/2018.23:11:31 Connection request from SMTHSB
26/04/2018.23:11:31 Error on pipe 10 1 0
26/04/2018.23:11:32 Connection request from SMTHSB
26/04/2018.23:11:32 Error on pipe 11 1 0
26/04/2018.23:11:32 Connection request from SMTHSB
26/04/2018.23:11:32 Error on pipe 12 1 0
26/04/2018.23:11:33 Connection request from SMTHSB
26/04/2018.23:11:33 Error on pipe 13 1 0
26/04/2018.23:11:34 Connection request from SMTHSB
26/04/2018.23:11:34 Error on pipe 14 1 0
26/04/2018.23:11:35 Connection request from SMTHSB
26/04/2018.23:11:35 Error on pipe 15 1 0
26/04/2018.23:11:36 Connection request from SMTHSB
26/04/2018.23:11:36 Error on pipe 0 1 0
26/04/2018.23:13:09 Connection request from SMTHSB
26/04/2018.23:13:09 Error on pipe 1 1 0
26/04/2018.23:13:10 Connection request from SMTHSB
26/04/2018.23:13:10 Error on pipe 2 1 0
26/04/2018.23:13:10 Connection request from SMTHSB
26/04/2018.23:13:10 Error on pipe 3 1 0
26/04/2018.23:13:11 USER GET LIST 
26/04/2018.23:13:11 Connection request from SMTHSB
26/04/2018.23:13:11 Error on pipe 4 1 0
26/04/2018.23:13:12 USER GET SL LIST 
26/04/2018.23:13:12 Connection request from SMTHSB
26/04/2018.23:13:12 Error on pipe 5 1 0
26/04/2018.23:13:13 Connection request from SMTHSB
26/04/2018.23:13:13 Error on pipe 6 1 0
26/04/2018.23:13:13 Connection request from SMTHSB
26/04/2018.23:13:14 Error on pipe 7 1 0
26/04/2018.23:13:14 Connection request from SMTHSB
26/04/2018.23:13:14 Error on pipe 8 1 0
26/04/2018.23:13:15 Connection request from SMTHSB
26/04/2018.23:13:15 Error on pipe 9 1 0
26/04/2018.23:13:15 USER GET SG LIST 
26/04/2018.23:13:16 Connection request from SMTHSB
26/04/2018.23:13:16 Error on pipe 10 1 0
26/04/2018.23:13:16 USER SET SERGRP PROFILE 
26/04/2018.23:13:16 Connection request from SMTHSB
26/04/2018.23:13:16 USER GET SG LIST 
26/04/2018.23:13:17 Error on pipe 11 1 0
26/04/2018.23:13:17 Connection request from SMTHSB
26/04/2018.23:13:17 Error on pipe 12 1 0
26/04/2018.23:13:18 Connection request from SMTHSB
26/04/2018.23:13:18 Error on pipe 13 1 0
26/04/2018.23:13:19 Connection request from SMTHSB
26/04/2018.23:13:19 Error on pipe 14 1 0
26/04/2018.23:13:20 Connection request from SMTHSB
26/04/2018.23:13:20 Error on pipe 15 1 0
26/04/2018.23:13:21 Connection request from SMTHSB
26/04/2018.23:13:21 Error on pipe 0 1 0
26/04/2018.23:13:21 Connection request from SMTHSB
26/04/2018.23:13:21 Error on pipe 1 1 0
26/04/2018.23:13:22 Connection request from SMTHSB
26/04/2018.23:13:22 Error on pipe 2 1 0
26/04/2018.23:13:23 Connection request from SMTHSB
26/04/2018.23:13:23 Error on pipe 3 1 0
26/04/2018.23:13:23 Connection request from SMTHSB
26/04/2018.23:13:23 Error on pipe 4 1 0
26/04/2018.23:13:24 Connection request from SMTHSB
26/04/2018.23:13:24 Error on pipe 5 1 0
26/04/2018.23:13:25 Connection request from SMTHSB
26/04/2018.23:13:25 Error on pipe 6 1 0
26/04/2018.23:13:26 Connection request from SMTHSB
26/04/2018.23:13:26 Error on pipe 7 1 0
26/04/2018.23:13:27 Connection request from SMTHSB
26/04/2018.23:13:27 Error on pipe 8 1 0
26/04/2018.23:13:27 Connection request from SMTHSB
26/04/2018.23:13:27 Error on pipe 9 1 0
26/04/2018.23:13:28 Connection request from SMTHSB
26/04/2018.23:13:28 Error on pipe 10 1 0
26/04/2018.23:13:29 Connection request from SMTHSB
26/04/2018.23:13:29 Error on pipe 11 1 0
26/04/2018.23:13:30 Connection request from SMTHSB
26/04/2018.23:13:30 Error on pipe 12 1 0
26/04/2018.23:13:30 Connection request from SMTHSB
26/04/2018.23:13:30 Error on pipe 13 1 0
26/04/2018.23:13:31 USER GET LIST 
26/04/2018.23:13:31 Connection request from SMTHSB
26/04/2018.23:13:31 Error on pipe 14 1 0
26/04/2018.23:13:32 Connection request from SMTHSB
26/04/2018.23:13:32 Error on pipe 15 1 0
26/04/2018.23:13:33 Connection request from SMTHSB
26/04/2018.23:13:33 Error on pipe 0 1 0
26/04/2018.23:13:33 Connection request from SMTHSB
26/04/2018.23:13:33 Error on pipe 1 1 0
26/04/2018.23:13:34 Connection request from SMTHSB
26/04/2018.23:13:34 Error on pipe 2 1 0
26/04/2018.23:13:34 USER GET SG LIST 
26/04/2018.23:13:35 Connection request from SMTHSB
26/04/2018.23:13:35 Error on pipe 3 1 0
26/04/2018.23:13:36 Error on pipe 4 0 109
